<?xml version="1.0" encoding="UTF-8"?>
<!-- Generated by org.testng.reporters.JUnitReportReporter -->
<testsuite hostname="PCA3689" failures="0" tests="2" name="practicedemo.dataproviderdemo" time="26.534" errors="0" timestamp="09 May 2018 14:17:49 GMT" skipped="0">
  <testcase classname="practicedemo.dataproviderdemo" name="browsing" time="9.483"/>
  <testcase classname="practicedemo.dataproviderdemo" name="browsing" time="17.051"/>
</testsuite> <!-- practicedemo.dataproviderdemo -->
