<?xml version="1.0" encoding="UTF-8"?>
<!-- Generated by org.testng.reporters.JUnitReportReporter -->
<testsuite hostname="PCA3689" failures="0" tests="2" name="practicedemo.TestNGclass1" time="0.000" errors="0" timestamp="19 May 2018 11:47:32 GMT" skipped="0">
  <testcase classname="practicedemo.TestNGclass1" name="method1" time="0.000"/>
  <testcase classname="practicedemo.TestNGclass1" name="method5" time="0.000"/>
</testsuite> <!-- practicedemo.TestNGclass1 -->
