<?xml version="1.0" encoding="UTF-8"?>
<!-- Generated by org.testng.reporters.JUnitReportReporter -->
<testsuite hostname="PCA3689" failures="0" tests="3" name="practicedemo.TestNGdemo" time="0.016" errors="0" timestamp="09 May 2018 11:04:56 GMT" skipped="0">
  <testcase classname="practicedemo.TestNGdemo" name="method2" time="0.016"/>
  <testcase classname="practicedemo.TestNGdemo" name="method1" time="0.000"/>
  <testcase classname="practicedemo.TestNGdemo" name="method3" time="0.000"/>
</testsuite> <!-- practicedemo.TestNGdemo -->
