<?xml version="1.0" encoding="UTF-8"?>
<!-- Generated by org.testng.reporters.JUnitReportReporter -->
<testsuite hostname="PCA3689" failures="0" tests="1" name="practicedemo.TestNGdemo2" time="0.016" errors="0" timestamp="19 May 2018 12:18:17 GMT" skipped="0">
  <testcase classname="practicedemo.TestNGdemo2" name="method4" time="0.016"/>
</testsuite> <!-- practicedemo.TestNGdemo2 -->
