<?xml version="1.0" encoding="UTF-8"?>
<!-- Generated by org.testng.reporters.JUnitReportReporter -->
<testsuite hostname="PCA3689" failures="0" tests="2" name="practicedemo.NewTest" time="21.715" errors="0" timestamp="19 May 2018 12:41:18 GMT" skipped="0">
  <testcase classname="practicedemo.NewTest" name="search" time="7.263"/>
  <testcase classname="practicedemo.NewTest" name="search" time="14.452"/>
</testsuite> <!-- practicedemo.NewTest -->
